        -:    0:Source:TestCollatz.c++
        -:    0:Programs:2
        -:    1:// --------------------------------
        -:    2:// projects/collatz/TestCollatz.c++
        -:    3:// Copyright (C) 2014
        -:    4:// Glenn P. Downing
        -:    5:// --------------------------------
        -:    6:
        -:    7:/*
        -:    8:Google Test Libraries:
        -:    9:    % ls -al /usr/include/gtest/
        -:   10:    ...
        -:   11:    gtest.h
        -:   12:    ...
        -:   13:
        -:   14:    % locate libgtest.a
        -:   15:    /usr/lib/libgtest.a
        -:   16:
        -:   17:    % locate libpthread.a
        -:   18:    /usr/lib/x86_64-linux-gnu/libpthread.a
        -:   19:    /usr/lib32/libpthread.a
        -:   20:
        -:   21:    % locate libgtest_main.a
        -:   22:    /usr/lib/libgtest_main.a
        -:   23:
        -:   24:To compile the test:
        -:   25:    % g++-4.7 -fprofile-arcs -ftest-coverage -pedantic -std=c++11 -Wall Collatz.c++ TestCollatz.c++ -o TestCollatz -lgtest -lgtest_main -lpthread
        -:   26:
        -:   27:To run the test:
        -:   28:    % valgrind TestCollatz
        -:   29:
        -:   30:To obtain coverage of the test:
        -:   31:    % gcov-4.7 -b Collatz.c++ TestCollatz.c++
        -:   32:*/
        -:   33:
        -:   34:// --------
        -:   35:// includes
        -:   36:// --------
        -:   37:
        -:   38:#include <iostream> // cout, endl
        -:   39:#include <sstream>  // istringtstream, ostringstream
        -:   40:#include <string>   // ==
        -:   41:#include <utility>  // make_pair, pair
        -:   42:
        -:   43:#include "gtest/gtest.h"
        -:   44:
        -:   45:#include "Collatz.h"
        -:   46:
        -:   47:// -----------
        -:   48:// TestCollatz
        -:   49:// -----------
        -:   50:
        -:   51:// ----
        -:   52:// read
        -:   53:// ----
        -:   54:
function _ZN19Collatz_read_1_TestD0Ev called 1 returned 100% blocks executed 100%
function _ZN19Collatz_read_1_TestD2Ev called 1 returned 100% blocks executed 75%
function _ZN19Collatz_read_1_Test8TestBodyEv called 1 returned 100% blocks executed 37%
function _ZN19Collatz_read_1_TestC2Ev called 1 returned 100% blocks executed 100%
        5:   55:TEST(Collatz, read_1) {
call    0 returned 100%
call    1 returned 100%
call    2 returned 100%
call    3 returned 100%
call    4 returned 100%
call    5 returned 100%
call    6 returned 100%
branch  7 taken 0% (fallthrough)
branch  8 taken 100%
call    9 never executed
call   10 returned 100%
        1:   56:    std::istringstream r("1 10\n");
call    0 returned 100%
branch  1 taken 100% (fallthrough)
branch  2 taken 0% (throw)
call    3 returned 100%
branch  4 taken 100% (fallthrough)
branch  5 taken 0% (throw)
call    6 returned 100%
call    7 returned 100%
call    8 returned 100%
call    9 never executed
call   10 never executed
        1:   57:    const std::pair<int, int> p = collatz_read(r);
branch  0 taken 100% (fallthrough)
branch  1 taken 0% (throw)
call    2 returned 100%
        1:   58:    ASSERT_EQ( 1, p.first);
branch  0 taken 100% (fallthrough)
branch  1 taken 0% (throw)
call    2 returned 100%
call    3 returned 100%
branch  4 taken 0% (fallthrough)
branch  5 taken 100%
branch  6 never executed
branch  7 never executed
call    8 never executed
branch  9 never executed
branch 10 never executed
call   11 never executed
branch 12 never executed
branch 13 never executed
call   14 never executed
branch 15 never executed
branch 16 never executed
call   17 never executed
branch 18 never executed
branch 19 never executed
call   20 never executed
branch 21 never executed
branch 22 never executed
call   23 never executed
branch 24 taken 100% (fallthrough)
branch 25 taken 0% (throw)
call   26 returned 100%
branch 27 taken 100%
branch 28 taken 0%
call   29 never executed
call   30 never executed
call   31 never executed
        1:   59:    ASSERT_EQ(10, p.second);}
branch  0 taken 100% (fallthrough)
branch  1 taken 0% (throw)
call    2 returned 100%
call    3 returned 100%
branch  4 taken 0% (fallthrough)
branch  5 taken 100%
branch  6 never executed
branch  7 never executed
call    8 never executed
branch  9 never executed
branch 10 never executed
call   11 never executed
branch 12 never executed
branch 13 never executed
call   14 never executed
branch 15 never executed
branch 16 never executed
call   17 never executed
branch 18 never executed
branch 19 never executed
call   20 never executed
branch 21 never executed
branch 22 never executed
call   23 never executed
branch 24 taken 100% (fallthrough)
branch 25 taken 0% (throw)
call   26 returned 100%
branch 27 taken 100%
branch 28 taken 0%
branch 29 taken 100% (fallthrough)
branch 30 taken 0% (throw)
call   31 returned 100%
branch 32 taken 100%
branch 33 taken 0%
call   34 never executed
call   35 never executed
call   36 never executed
call   37 never executed
call   38 never executed
        -:   60:
function _ZN19Collatz_read_2_TestD0Ev called 1 returned 100% blocks executed 100%
function _ZN19Collatz_read_2_TestD2Ev called 1 returned 100% blocks executed 75%
function _ZN19Collatz_read_2_Test8TestBodyEv called 1 returned 100% blocks executed 37%
function _ZN19Collatz_read_2_TestC2Ev called 1 returned 100% blocks executed 100%
        5:   61:TEST(Collatz, read_2) {
call    0 returned 100%
call    1 returned 100%
call    2 returned 100%
call    3 returned 100%
call    4 returned 100%
call    5 returned 100%
call    6 returned 100%
branch  7 taken 0% (fallthrough)
branch  8 taken 100%
call    9 never executed
call   10 returned 100%
        1:   62:    std::istringstream r("-1 10\n");
call    0 returned 100%
branch  1 taken 100% (fallthrough)
branch  2 taken 0% (throw)
call    3 returned 100%
branch  4 taken 100% (fallthrough)
branch  5 taken 0% (throw)
call    6 returned 100%
call    7 returned 100%
call    8 returned 100%
call    9 never executed
call   10 never executed
        1:   63:    const std::pair<int, int> p = collatz_read(r);
branch  0 taken 100% (fallthrough)
branch  1 taken 0% (throw)
call    2 returned 100%
        1:   64:    ASSERT_EQ( -1, p.first);
branch  0 taken 100% (fallthrough)
branch  1 taken 0% (throw)
call    2 returned 100%
call    3 returned 100%
branch  4 taken 0% (fallthrough)
branch  5 taken 100%
branch  6 never executed
branch  7 never executed
call    8 never executed
branch  9 never executed
branch 10 never executed
call   11 never executed
branch 12 never executed
branch 13 never executed
call   14 never executed
branch 15 never executed
branch 16 never executed
call   17 never executed
branch 18 never executed
branch 19 never executed
call   20 never executed
branch 21 never executed
branch 22 never executed
call   23 never executed
branch 24 taken 100% (fallthrough)
branch 25 taken 0% (throw)
call   26 returned 100%
branch 27 taken 100%
branch 28 taken 0%
call   29 never executed
call   30 never executed
call   31 never executed
        1:   65:    ASSERT_EQ(10, p.second);}
branch  0 taken 100% (fallthrough)
branch  1 taken 0% (throw)
call    2 returned 100%
call    3 returned 100%
branch  4 taken 0% (fallthrough)
branch  5 taken 100%
branch  6 never executed
branch  7 never executed
call    8 never executed
branch  9 never executed
branch 10 never executed
call   11 never executed
branch 12 never executed
branch 13 never executed
call   14 never executed
branch 15 never executed
branch 16 never executed
call   17 never executed
branch 18 never executed
branch 19 never executed
call   20 never executed
branch 21 never executed
branch 22 never executed
call   23 never executed
branch 24 taken 100% (fallthrough)
branch 25 taken 0% (throw)
call   26 returned 100%
branch 27 taken 100%
branch 28 taken 0%
branch 29 taken 100% (fallthrough)
branch 30 taken 0% (throw)
call   31 returned 100%
branch 32 taken 100%
branch 33 taken 0%
call   34 never executed
call   35 never executed
call   36 never executed
call   37 never executed
call   38 never executed
        -:   66:
function _ZN19Collatz_read_3_TestD0Ev called 1 returned 100% blocks executed 100%
function _ZN19Collatz_read_3_TestD2Ev called 1 returned 100% blocks executed 75%
function _ZN19Collatz_read_3_Test8TestBodyEv called 1 returned 100% blocks executed 37%
function _ZN19Collatz_read_3_TestC2Ev called 1 returned 100% blocks executed 100%
        5:   67:TEST(Collatz, read_3) {
call    0 returned 100%
call    1 returned 100%
call    2 returned 100%
call    3 returned 100%
call    4 returned 100%
call    5 returned 100%
call    6 returned 100%
branch  7 taken 0% (fallthrough)
branch  8 taken 100%
call    9 never executed
call   10 returned 100%
        1:   68:    std::istringstream r("10 1\n");
call    0 returned 100%
branch  1 taken 100% (fallthrough)
branch  2 taken 0% (throw)
call    3 returned 100%
branch  4 taken 100% (fallthrough)
branch  5 taken 0% (throw)
call    6 returned 100%
call    7 returned 100%
call    8 returned 100%
call    9 never executed
call   10 never executed
        1:   69:    const std::pair<int, int> p = collatz_read(r);
branch  0 taken 100% (fallthrough)
branch  1 taken 0% (throw)
call    2 returned 100%
        1:   70:    ASSERT_EQ(10, p.first);
branch  0 taken 100% (fallthrough)
branch  1 taken 0% (throw)
call    2 returned 100%
call    3 returned 100%
branch  4 taken 0% (fallthrough)
branch  5 taken 100%
branch  6 never executed
branch  7 never executed
call    8 never executed
branch  9 never executed
branch 10 never executed
call   11 never executed
branch 12 never executed
branch 13 never executed
call   14 never executed
branch 15 never executed
branch 16 never executed
call   17 never executed
branch 18 never executed
branch 19 never executed
call   20 never executed
branch 21 never executed
branch 22 never executed
call   23 never executed
branch 24 taken 100% (fallthrough)
branch 25 taken 0% (throw)
call   26 returned 100%
branch 27 taken 100%
branch 28 taken 0%
call   29 never executed
call   30 never executed
call   31 never executed
        1:   71:    ASSERT_EQ(1, p.second);}
branch  0 taken 100% (fallthrough)
branch  1 taken 0% (throw)
call    2 returned 100%
call    3 returned 100%
branch  4 taken 0% (fallthrough)
branch  5 taken 100%
branch  6 never executed
branch  7 never executed
call    8 never executed
branch  9 never executed
branch 10 never executed
call   11 never executed
branch 12 never executed
branch 13 never executed
call   14 never executed
branch 15 never executed
branch 16 never executed
call   17 never executed
branch 18 never executed
branch 19 never executed
call   20 never executed
branch 21 never executed
branch 22 never executed
call   23 never executed
branch 24 taken 100% (fallthrough)
branch 25 taken 0% (throw)
call   26 returned 100%
branch 27 taken 100%
branch 28 taken 0%
branch 29 taken 100% (fallthrough)
branch 30 taken 0% (throw)
call   31 returned 100%
branch 32 taken 100%
branch 33 taken 0%
call   34 never executed
call   35 never executed
call   36 never executed
call   37 never executed
call   38 never executed
        -:   72:
        -:   73:// ----
        -:   74:// eval
        -:   75:// ----
        -:   76:
function _ZN19Collatz_eval_1_TestD0Ev called 1 returned 100% blocks executed 100%
function _ZN19Collatz_eval_1_TestD2Ev called 1 returned 100% blocks executed 75%
function _ZN19Collatz_eval_1_Test8TestBodyEv called 1 returned 100% blocks executed 35%
function _ZN19Collatz_eval_1_TestC2Ev called 1 returned 100% blocks executed 100%
        5:   77:TEST(Collatz, eval_1) {
call    0 returned 100%
call    1 returned 100%
call    2 returned 100%
call    3 returned 100%
call    4 returned 100%
call    5 returned 100%
call    6 returned 100%
branch  7 taken 0% (fallthrough)
branch  8 taken 100%
call    9 never executed
call   10 returned 100%
        1:   78:    const int v = collatz_eval(1, 10);
branch  0 taken 100% (fallthrough)
branch  1 taken 0% (throw)
call    2 returned 100%
        1:   79:    ASSERT_EQ(20, v);}
branch  0 taken 100% (fallthrough)
branch  1 taken 0% (throw)
call    2 returned 100%
call    3 returned 100%
branch  4 taken 0% (fallthrough)
branch  5 taken 100%
branch  6 never executed
branch  7 never executed
call    8 never executed
branch  9 never executed
branch 10 never executed
call   11 never executed
branch 12 never executed
branch 13 never executed
call   14 never executed
branch 15 never executed
branch 16 never executed
call   17 never executed
branch 18 never executed
branch 19 never executed
call   20 never executed
branch 21 never executed
branch 22 never executed
call   23 never executed
branch 24 taken 100% (fallthrough)
branch 25 taken 0% (throw)
call   26 returned 100%
branch 27 taken 100%
branch 28 taken 0%
call   29 never executed
call   30 never executed
call   31 never executed
call   32 never executed
        -:   80:
function _ZN19Collatz_eval_2_TestD0Ev called 1 returned 100% blocks executed 100%
function _ZN19Collatz_eval_2_TestD2Ev called 1 returned 100% blocks executed 75%
function _ZN19Collatz_eval_2_Test8TestBodyEv called 1 returned 100% blocks executed 35%
function _ZN19Collatz_eval_2_TestC2Ev called 1 returned 100% blocks executed 100%
        5:   81:TEST(Collatz, eval_2) {
call    0 returned 100%
call    1 returned 100%
call    2 returned 100%
call    3 returned 100%
call    4 returned 100%
call    5 returned 100%
call    6 returned 100%
branch  7 taken 0% (fallthrough)
branch  8 taken 100%
call    9 never executed
call   10 returned 100%
        1:   82:    const int v = collatz_eval(100, 200);
branch  0 taken 100% (fallthrough)
branch  1 taken 0% (throw)
call    2 returned 100%
        1:   83:    ASSERT_EQ(125, v);}
branch  0 taken 100% (fallthrough)
branch  1 taken 0% (throw)
call    2 returned 100%
call    3 returned 100%
branch  4 taken 0% (fallthrough)
branch  5 taken 100%
branch  6 never executed
branch  7 never executed
call    8 never executed
branch  9 never executed
branch 10 never executed
call   11 never executed
branch 12 never executed
branch 13 never executed
call   14 never executed
branch 15 never executed
branch 16 never executed
call   17 never executed
branch 18 never executed
branch 19 never executed
call   20 never executed
branch 21 never executed
branch 22 never executed
call   23 never executed
branch 24 taken 100% (fallthrough)
branch 25 taken 0% (throw)
call   26 returned 100%
branch 27 taken 100%
branch 28 taken 0%
call   29 never executed
call   30 never executed
call   31 never executed
call   32 never executed
        -:   84:
function _ZN19Collatz_eval_3_TestD0Ev called 1 returned 100% blocks executed 100%
function _ZN19Collatz_eval_3_TestD2Ev called 1 returned 100% blocks executed 75%
function _ZN19Collatz_eval_3_Test8TestBodyEv called 1 returned 100% blocks executed 35%
function _ZN19Collatz_eval_3_TestC2Ev called 1 returned 100% blocks executed 100%
        5:   85:TEST(Collatz, eval_3) {
call    0 returned 100%
call    1 returned 100%
call    2 returned 100%
call    3 returned 100%
call    4 returned 100%
call    5 returned 100%
call    6 returned 100%
branch  7 taken 0% (fallthrough)
branch  8 taken 100%
call    9 never executed
call   10 returned 100%
        1:   86:    const int v = collatz_eval(201, 210);
branch  0 taken 100% (fallthrough)
branch  1 taken 0% (throw)
call    2 returned 100%
        1:   87:    ASSERT_EQ(89, v);}
branch  0 taken 100% (fallthrough)
branch  1 taken 0% (throw)
call    2 returned 100%
call    3 returned 100%
branch  4 taken 0% (fallthrough)
branch  5 taken 100%
branch  6 never executed
branch  7 never executed
call    8 never executed
branch  9 never executed
branch 10 never executed
call   11 never executed
branch 12 never executed
branch 13 never executed
call   14 never executed
branch 15 never executed
branch 16 never executed
call   17 never executed
branch 18 never executed
branch 19 never executed
call   20 never executed
branch 21 never executed
branch 22 never executed
call   23 never executed
branch 24 taken 100% (fallthrough)
branch 25 taken 0% (throw)
call   26 returned 100%
branch 27 taken 100%
branch 28 taken 0%
call   29 never executed
call   30 never executed
call   31 never executed
call   32 never executed
        -:   88:
function _ZN19Collatz_eval_4_TestD0Ev called 1 returned 100% blocks executed 100%
function _ZN19Collatz_eval_4_TestD2Ev called 1 returned 100% blocks executed 75%
function _ZN19Collatz_eval_4_Test8TestBodyEv called 1 returned 100% blocks executed 35%
function _ZN19Collatz_eval_4_TestC2Ev called 1 returned 100% blocks executed 100%
        5:   89:TEST(Collatz, eval_4) {
call    0 returned 100%
call    1 returned 100%
call    2 returned 100%
call    3 returned 100%
call    4 returned 100%
call    5 returned 100%
call    6 returned 100%
branch  7 taken 0% (fallthrough)
branch  8 taken 100%
call    9 never executed
call   10 returned 100%
        1:   90:    const int v = collatz_eval(900, 1000);
branch  0 taken 100% (fallthrough)
branch  1 taken 0% (throw)
call    2 returned 100%
        1:   91:    ASSERT_EQ(174, v);}
branch  0 taken 100% (fallthrough)
branch  1 taken 0% (throw)
call    2 returned 100%
call    3 returned 100%
branch  4 taken 0% (fallthrough)
branch  5 taken 100%
branch  6 never executed
branch  7 never executed
call    8 never executed
branch  9 never executed
branch 10 never executed
call   11 never executed
branch 12 never executed
branch 13 never executed
call   14 never executed
branch 15 never executed
branch 16 never executed
call   17 never executed
branch 18 never executed
branch 19 never executed
call   20 never executed
branch 21 never executed
branch 22 never executed
call   23 never executed
branch 24 taken 100% (fallthrough)
branch 25 taken 0% (throw)
call   26 returned 100%
branch 27 taken 100%
branch 28 taken 0%
call   29 never executed
call   30 never executed
call   31 never executed
call   32 never executed
        -:   92:
        -:   93:// -----
        -:   94:// print
        -:   95:// -----
        -:   96:
function _ZN20Collatz_print_1_TestD0Ev called 1 returned 100% blocks executed 100%
function _ZN20Collatz_print_1_TestD2Ev called 1 returned 100% blocks executed 75%
function _ZN20Collatz_print_1_Test8TestBodyEv called 1 returned 100% blocks executed 42%
function _ZN20Collatz_print_1_TestC2Ev called 1 returned 100% blocks executed 100%
        5:   97:TEST(Collatz, print_1) {
call    0 returned 100%
call    1 returned 100%
call    2 returned 100%
call    3 returned 100%
call    4 returned 100%
call    5 returned 100%
call    6 returned 100%
branch  7 taken 0% (fallthrough)
branch  8 taken 100%
call    9 never executed
call   10 returned 100%
        1:   98:    std::ostringstream w;
branch  0 taken 100% (fallthrough)
branch  1 taken 0% (throw)
call    2 returned 100%
        1:   99:    collatz_print(w, 1, 10, 20);
branch  0 taken 100% (fallthrough)
branch  1 taken 0% (throw)
call    2 returned 100%
        1:  100:    ASSERT_EQ("1 10 20\n", w.str());}
branch  0 taken 100% (fallthrough)
branch  1 taken 0% (throw)
call    2 returned 100%
branch  3 taken 100% (fallthrough)
branch  4 taken 0% (throw)
call    5 returned 100%
call    6 returned 100%
call    7 returned 100%
branch  8 taken 0% (fallthrough)
branch  9 taken 100%
branch 10 never executed
branch 11 never executed
call   12 never executed
branch 13 never executed
branch 14 never executed
call   15 never executed
branch 16 never executed
branch 17 never executed
call   18 never executed
branch 19 never executed
branch 20 never executed
call   21 never executed
branch 22 never executed
branch 23 never executed
call   24 never executed
branch 25 never executed
branch 26 never executed
call   27 never executed
branch 28 taken 100% (fallthrough)
branch 29 taken 0% (throw)
call   30 returned 100%
branch 31 taken 100%
branch 32 taken 0%
branch 33 taken 100% (fallthrough)
branch 34 taken 0% (throw)
call   35 returned 100%
branch 36 taken 100%
branch 37 taken 0%
call   38 never executed
call   39 never executed
call   40 never executed
call   41 never executed
call   42 never executed
call   43 never executed
        -:  101:
function _ZN20Collatz_print_2_TestD0Ev called 1 returned 100% blocks executed 100%
function _ZN20Collatz_print_2_TestD2Ev called 1 returned 100% blocks executed 75%
function _ZN20Collatz_print_2_Test8TestBodyEv called 1 returned 100% blocks executed 42%
function _ZN20Collatz_print_2_TestC2Ev called 1 returned 100% blocks executed 100%
        5:  102:TEST(Collatz, print_2) {
call    0 returned 100%
call    1 returned 100%
call    2 returned 100%
call    3 returned 100%
call    4 returned 100%
call    5 returned 100%
call    6 returned 100%
branch  7 taken 0% (fallthrough)
branch  8 taken 100%
call    9 never executed
call   10 returned 100%
        1:  103:    std::ostringstream w;
branch  0 taken 100% (fallthrough)
branch  1 taken 0% (throw)
call    2 returned 100%
        1:  104:    collatz_print(w, -1, 10, 20);
branch  0 taken 100% (fallthrough)
branch  1 taken 0% (throw)
call    2 returned 100%
        1:  105:    ASSERT_EQ("-1 10 20\n", w.str());}
branch  0 taken 100% (fallthrough)
branch  1 taken 0% (throw)
call    2 returned 100%
branch  3 taken 100% (fallthrough)
branch  4 taken 0% (throw)
call    5 returned 100%
call    6 returned 100%
call    7 returned 100%
branch  8 taken 0% (fallthrough)
branch  9 taken 100%
branch 10 never executed
branch 11 never executed
call   12 never executed
branch 13 never executed
branch 14 never executed
call   15 never executed
branch 16 never executed
branch 17 never executed
call   18 never executed
branch 19 never executed
branch 20 never executed
call   21 never executed
branch 22 never executed
branch 23 never executed
call   24 never executed
branch 25 never executed
branch 26 never executed
call   27 never executed
branch 28 taken 100% (fallthrough)
branch 29 taken 0% (throw)
call   30 returned 100%
branch 31 taken 100%
branch 32 taken 0%
branch 33 taken 100% (fallthrough)
branch 34 taken 0% (throw)
call   35 returned 100%
branch 36 taken 100%
branch 37 taken 0%
call   38 never executed
call   39 never executed
call   40 never executed
call   41 never executed
call   42 never executed
call   43 never executed
        -:  106:
function _ZN20Collatz_print_3_TestD0Ev called 1 returned 100% blocks executed 100%
function _ZN20Collatz_print_3_TestD2Ev called 1 returned 100% blocks executed 75%
function _ZN20Collatz_print_3_Test8TestBodyEv called 1 returned 100% blocks executed 42%
function _ZN20Collatz_print_3_TestC2Ev called 1 returned 100% blocks executed 100%
        5:  107:TEST(Collatz, print_3) {
call    0 returned 100%
call    1 returned 100%
call    2 returned 100%
call    3 returned 100%
call    4 returned 100%
call    5 returned 100%
call    6 returned 100%
branch  7 taken 0% (fallthrough)
branch  8 taken 100%
call    9 never executed
call   10 returned 100%
        1:  108:    std::ostringstream w;
branch  0 taken 100% (fallthrough)
branch  1 taken 0% (throw)
call    2 returned 100%
        1:  109:    collatz_print(w, 100, 10, 240);
branch  0 taken 100% (fallthrough)
branch  1 taken 0% (throw)
call    2 returned 100%
        1:  110:    ASSERT_EQ("100 10 240\n", w.str());}
branch  0 taken 100% (fallthrough)
branch  1 taken 0% (throw)
call    2 returned 100%
branch  3 taken 100% (fallthrough)
branch  4 taken 0% (throw)
call    5 returned 100%
call    6 returned 100%
call    7 returned 100%
branch  8 taken 0% (fallthrough)
branch  9 taken 100%
branch 10 never executed
branch 11 never executed
call   12 never executed
branch 13 never executed
branch 14 never executed
call   15 never executed
branch 16 never executed
branch 17 never executed
call   18 never executed
branch 19 never executed
branch 20 never executed
call   21 never executed
branch 22 never executed
branch 23 never executed
call   24 never executed
branch 25 never executed
branch 26 never executed
call   27 never executed
branch 28 taken 100% (fallthrough)
branch 29 taken 0% (throw)
call   30 returned 100%
branch 31 taken 100%
branch 32 taken 0%
branch 33 taken 100% (fallthrough)
branch 34 taken 0% (throw)
call   35 returned 100%
branch 36 taken 100%
branch 37 taken 0%
call   38 never executed
call   39 never executed
call   40 never executed
call   41 never executed
call   42 never executed
call   43 never executed
        -:  111:
        -:  112:// -----
        -:  113:// solve
        -:  114:// -----
        -:  115:
function _ZN20Collatz_solve_1_TestD0Ev called 1 returned 100% blocks executed 100%
function _ZN20Collatz_solve_1_TestD2Ev called 1 returned 100% blocks executed 75%
function _ZN20Collatz_solve_1_Test8TestBodyEv called 1 returned 100% blocks executed 45%
function _ZN20Collatz_solve_1_TestC2Ev called 1 returned 100% blocks executed 100%
        5:  116:TEST(Collatz, solve_1) {
call    0 returned 100%
call    1 returned 100%
call    2 returned 100%
call    3 returned 100%
call    4 returned 100%
call    5 returned 100%
call    6 returned 100%
branch  7 taken 0% (fallthrough)
branch  8 taken 100%
call    9 never executed
call   10 returned 100%
        1:  117:    std::istringstream r("1 10\n100 200\n201 210\n900 1000\n");
call    0 returned 100%
branch  1 taken 100% (fallthrough)
branch  2 taken 0% (throw)
call    3 returned 100%
branch  4 taken 100% (fallthrough)
branch  5 taken 0% (throw)
call    6 returned 100%
call    7 returned 100%
call    8 returned 100%
call    9 never executed
call   10 never executed
        1:  118:    std::ostringstream w;
branch  0 taken 100% (fallthrough)
branch  1 taken 0% (throw)
call    2 returned 100%
        1:  119:    collatz_solve(r, w);
branch  0 taken 100% (fallthrough)
branch  1 taken 0% (throw)
call    2 returned 100%
        1:  120:    ASSERT_EQ("1 10 20\n100 200 125\n201 210 89\n900 1000 174\n", w.str());}
branch  0 taken 100% (fallthrough)
branch  1 taken 0% (throw)
call    2 returned 100%
branch  3 taken 100% (fallthrough)
branch  4 taken 0% (throw)
call    5 returned 100%
call    6 returned 100%
call    7 returned 100%
branch  8 taken 0% (fallthrough)
branch  9 taken 100%
branch 10 never executed
branch 11 never executed
call   12 never executed
branch 13 never executed
branch 14 never executed
call   15 never executed
branch 16 never executed
branch 17 never executed
call   18 never executed
branch 19 never executed
branch 20 never executed
call   21 never executed
branch 22 never executed
branch 23 never executed
call   24 never executed
branch 25 never executed
branch 26 never executed
call   27 never executed
branch 28 taken 100% (fallthrough)
branch 29 taken 0% (throw)
call   30 returned 100%
branch 31 taken 100%
branch 32 taken 0%
branch 33 taken 100% (fallthrough)
branch 34 taken 0% (throw)
call   35 returned 100%
branch 36 taken 0%
branch 37 taken 100%
branch 38 taken 100% (fallthrough)
branch 39 taken 0% (throw)
call   40 returned 100%
branch 41 taken 100%
branch 42 taken 0%
call   43 never executed
call   44 never executed
call   45 never executed
call   46 never executed
call   47 never executed
call   48 never executed
call   49 never executed
        -:  121:
function _ZN20Collatz_solve_2_TestD0Ev called 1 returned 100% blocks executed 100%
function _ZN20Collatz_solve_2_TestD2Ev called 1 returned 100% blocks executed 75%
function _ZN20Collatz_solve_2_Test8TestBodyEv called 1 returned 100% blocks executed 45%
function _ZN20Collatz_solve_2_TestC2Ev called 1 returned 100% blocks executed 100%
        5:  122:TEST(Collatz, solve_2) {
call    0 returned 100%
call    1 returned 100%
call    2 returned 100%
call    3 returned 100%
call    4 returned 100%
call    5 returned 100%
call    6 returned 100%
branch  7 taken 0% (fallthrough)
branch  8 taken 100%
call    9 never executed
call   10 returned 100%
        1:  123:    std::istringstream r("1 3\n");
call    0 returned 100%
branch  1 taken 100% (fallthrough)
branch  2 taken 0% (throw)
call    3 returned 100%
branch  4 taken 100% (fallthrough)
branch  5 taken 0% (throw)
call    6 returned 100%
call    7 returned 100%
call    8 returned 100%
call    9 never executed
call   10 never executed
        1:  124:    std::ostringstream w;
branch  0 taken 100% (fallthrough)
branch  1 taken 0% (throw)
call    2 returned 100%
        1:  125:    collatz_solve(r, w);
branch  0 taken 100% (fallthrough)
branch  1 taken 0% (throw)
call    2 returned 100%
function _GLOBAL__sub_I__ZN19Collatz_read_1_Test10test_info_E called 1 returned 100% blocks executed 100%
function _Z41__static_initialization_and_destruction_0ii called 1 returned 100% blocks executed 100%
        4:  126:    ASSERT_EQ("1 3 8\n", w.str());}
call    0 returned 100%
branch  1 taken 100% (fallthrough)
branch  2 taken 0%
branch  3 taken 100% (fallthrough)
branch  4 taken 0%
branch  5 taken 100% (fallthrough)
branch  6 taken 0% (throw)
call    7 returned 100%
branch  8 taken 100% (fallthrough)
branch  9 taken 0% (throw)
call   10 returned 100%
call   11 returned 100%
call   12 returned 100%
branch 13 taken 0% (fallthrough)
branch 14 taken 100%
branch 15 never executed
branch 16 never executed
call   17 never executed
branch 18 never executed
branch 19 never executed
call   20 never executed
branch 21 never executed
branch 22 never executed
call   23 never executed
branch 24 never executed
branch 25 never executed
call   26 never executed
branch 27 never executed
branch 28 never executed
call   29 never executed
branch 30 never executed
branch 31 never executed
call   32 never executed
branch 33 taken 100% (fallthrough)
branch 34 taken 0% (throw)
call   35 returned 100%
branch 36 taken 100%
branch 37 taken 0%
branch 38 taken 100% (fallthrough)
branch 39 taken 0% (throw)
call   40 returned 100%
branch 41 taken 0%
branch 42 taken 100%
branch 43 taken 100% (fallthrough)
branch 44 taken 0% (throw)
call   45 returned 100%
branch 46 taken 100%
branch 47 taken 0%
call   48 never executed
call   49 never executed
call   50 never executed
call   51 never executed
call   52 never executed
call   53 never executed
call   54 never executed
        -:  127:
        -:  128:/*
        -:  129:% g++-4.7 -fprofile-arcs -ftest-coverage -pedantic -std=c++11 -Wall Collatz.c++ TestCollatz.c++ -o TestCollatz -lgtest -lgtest_main -lpthread
        -:  130:
        -:  131:
        -:  132:
        -:  133:% valgrind TestCollatz
        -:  134:==17162== Memcheck, a memory error detector
        -:  135:==17162== Copyright (C) 2002-2011, and GNU GPL'd, by Julian Seward et al.
        -:  136:==17162== Using Valgrind-3.7.0 and LibVEX; rerun with -h for copyright info
        -:  137:==17162== Command: TestCollatz
        -:  138:==17162==
        -:  139:Running main() from gtest_main.cc
        -:  140:[==========] Running 7 tests from 1 test case.
        -:  141:[----------] Global test environment set-up.
        -:  142:[----------] 7 tests from Collatz
        -:  143:[ RUN      ] Collatz.read
        -:  144:[       OK ] Collatz.read (30 ms)
        -:  145:[ RUN      ] Collatz.eval_1
        -:  146:TestCollatz.c++:67: Failure
        -:  147:Value of: v
        -:  148:  Actual: 1
        -:  149:Expected: 20
        -:  150:[  FAILED  ] Collatz.eval_1 (57 ms)
        -:  151:[ RUN      ] Collatz.eval_2
        -:  152:TestCollatz.c++:71: Failure
        -:  153:Value of: v
        -:  154:  Actual: 1
        -:  155:Expected: 125
        -:  156:[  FAILED  ] Collatz.eval_2 (6 ms)
        -:  157:[ RUN      ] Collatz.eval_3
        -:  158:TestCollatz.c++:75: Failure
        -:  159:Value of: v
        -:  160:  Actual: 1
        -:  161:Expected: 89
        -:  162:[  FAILED  ] Collatz.eval_3 (5 ms)
        -:  163:[ RUN      ] Collatz.eval_4
        -:  164:TestCollatz.c++:79: Failure
        -:  165:Value of: v
        -:  166:  Actual: 1
        -:  167:Expected: 174
        -:  168:[  FAILED  ] Collatz.eval_4 (5 ms)
        -:  169:[ RUN      ] Collatz.print
        -:  170:[       OK ] Collatz.print (12 ms)
        -:  171:[ RUN      ] Collatz.solve
        -:  172:TestCollatz.c++:98: Failure
        -:  173:Value of: w.str()
        -:  174:  Actual: "1 10 1\n100 200 1\n201 210 1\n900 1000 1\n"
        -:  175:Expected: "1 10 20\n100 200 125\n201 210 89\n900 1000 174\n"
        -:  176:Which is: "1 10 20
        -:  177:100 200 125
        -:  178:201 210 89
        -:  179:900 1000 174
        -:  180:"
        -:  181:[  FAILED  ] Collatz.solve (22 ms)
        -:  182:[----------] 7 tests from Collatz (157 ms total)
        -:  183:
        -:  184:[----------] Global test environment tear-down
        -:  185:[==========] 7 tests from 1 test case ran. (201 ms total)
        -:  186:[  PASSED  ] 2 tests.
        -:  187:[  FAILED  ] 5 tests, listed below:
        -:  188:[  FAILED  ] Collatz.eval_1
        -:  189:[  FAILED  ] Collatz.eval_2
        -:  190:[  FAILED  ] Collatz.eval_3
        -:  191:[  FAILED  ] Collatz.eval_4
        -:  192:[  FAILED  ] Collatz.solve
        -:  193:
        -:  194: 5 FAILED TESTS
        -:  195:==17162==
        -:  196:==17162== HEAP SUMMARY:
        -:  197:==17162==     in use at exit: 0 bytes in 0 blocks
        -:  198:==17162==   total heap usage: 746 allocs, 746 frees, 115,424 bytes allocated
        -:  199:==17162==
        -:  200:==17162== All heap blocks were freed -- no leaks are possible
        -:  201:==17162==
        -:  202:==17162== For counts of detected and suppressed errors, rerun with: -v
        -:  203:==17162== ERROR SUMMARY: 0 errors from 0 contexts (suppressed: 2 from 2)
        -:  204:
        -:  205:
        -:  206:
        -:  207:% gcov-4.7 -b Collatz.c++
        -:  208:File 'Collatz.c++'
        -:  209:Lines executed:100.00% of 17
        -:  210:Branches executed:100.00% of 18
        -:  211:Taken at least once:61.11% of 18
        -:  212:Calls executed:89.47% of 19
        -:  213:Creating 'Collatz.c++.gcov'
        -:  214:...
        -:  215:
        -:  216:
        -:  217:
        -:  218:% cat Collatz.c++.gcov
        -:  219:...
        -:  220:
        -:  221:
        -:  222:
        -:  223:% gcov-4.7 -b TestCollatz.c++
        -:  224:File 'TestCollatz.c++'
        -:  225:Lines executed:100.00% of 26
        -:  226:Branches executed:83.93% of 224
        -:  227:Taken at least once:41.96% of 224
        -:  228:Calls executed:67.65% of 204
        -:  229:Creating 'TestCollatz.c++.gcov'
        -:  230:...
        -:  231:
        -:  232:
        -:  233:
        -:  234:% cat TestCollatz.c++.gcov
        -:  235:...
        -:  236:*/
